<?xml version="1.0" encoding="UTF-8"?>
<testsuite xmlns:xsi="http://www.w3.org/2001/XMLSchema-instance" xsi:noNamespaceSchemaLocation="https://maven.apache.org/surefire/maven-surefire-plugin/xsd/surefire-test-report-3.0.xsd" version="3.0" name="TestSuite" time="16.557" tests="1" errors="0" skipped="0" failures="0">
  <properties>
    <property name="java.specification.version" value="17"/>
    <property name="webdriver.chrome.driver" value="./drivers/chromedriver"/>
    <property name="sun.jnu.encoding" value="UTF-8"/>
    <property name="java.class.path" value="/Users/anshusharma/eclipse-workspace/AnaqaTest/target/test-classes:/Users/anshusharma/eclipse-workspace/AnaqaTest/target/classes:/Users/anshusharma/.m2/repository/org/seleniumhq/selenium/selenium-java/3.141.59/selenium-java-3.141.59.jar:/Users/anshusharma/.m2/repository/org/seleniumhq/selenium/selenium-api/3.141.59/selenium-api-3.141.59.jar:/Users/anshusharma/.m2/repository/org/seleniumhq/selenium/selenium-chrome-driver/3.141.59/selenium-chrome-driver-3.141.59.jar:/Users/anshusharma/.m2/repository/org/seleniumhq/selenium/selenium-edge-driver/3.141.59/selenium-edge-driver-3.141.59.jar:/Users/anshusharma/.m2/repository/org/seleniumhq/selenium/selenium-firefox-driver/3.141.59/selenium-firefox-driver-3.141.59.jar:/Users/anshusharma/.m2/repository/org/seleniumhq/selenium/selenium-ie-driver/3.141.59/selenium-ie-driver-3.141.59.jar:/Users/anshusharma/.m2/repository/org/seleniumhq/selenium/selenium-opera-driver/3.141.59/selenium-opera-driver-3.141.59.jar:/Users/anshusharma/.m2/repository/org/seleniumhq/selenium/selenium-remote-driver/3.141.59/selenium-remote-driver-3.141.59.jar:/Users/anshusharma/.m2/repository/org/seleniumhq/selenium/selenium-safari-driver/3.141.59/selenium-safari-driver-3.141.59.jar:/Users/anshusharma/.m2/repository/org/seleniumhq/selenium/selenium-support/3.141.59/selenium-support-3.141.59.jar:/Users/anshusharma/.m2/repository/net/bytebuddy/byte-buddy/1.8.15/byte-buddy-1.8.15.jar:/Users/anshusharma/.m2/repository/org/apache/commons/commons-exec/1.3/commons-exec-1.3.jar:/Users/anshusharma/.m2/repository/com/google/guava/guava/25.0-jre/guava-25.0-jre.jar:/Users/anshusharma/.m2/repository/com/google/code/findbugs/jsr305/1.3.9/jsr305-1.3.9.jar:/Users/anshusharma/.m2/repository/org/checkerframework/checker-compat-qual/2.0.0/checker-compat-qual-2.0.0.jar:/Users/anshusharma/.m2/repository/com/google/errorprone/error_prone_annotations/2.1.3/error_prone_annotations-2.1.3.jar:/Users/anshusharma/.m2/repository/com/google/j2objc/j2objc-annotations/1.1/j2objc-annotations-1.1.jar:/Users/anshusharma/.m2/repository/org/codehaus/mojo/animal-sniffer-annotations/1.14/animal-sniffer-annotations-1.14.jar:/Users/anshusharma/.m2/repository/com/squareup/okhttp3/okhttp/3.11.0/okhttp-3.11.0.jar:/Users/anshusharma/.m2/repository/com/squareup/okio/okio/1.14.0/okio-1.14.0.jar:/Users/anshusharma/.m2/repository/org/testng/testng/7.4.0/testng-7.4.0.jar:/Users/anshusharma/.m2/repository/com/beust/jcommander/1.78/jcommander-1.78.jar:/Users/anshusharma/.m2/repository/org/webjars/jquery/3.5.1/jquery-3.5.1.jar:/Users/anshusharma/.m2/repository/org/apache/poi/poi/3.17/poi-3.17.jar:/Users/anshusharma/.m2/repository/commons-codec/commons-codec/1.10/commons-codec-1.10.jar:/Users/anshusharma/.m2/repository/org/apache/commons/commons-collections4/4.1/commons-collections4-4.1.jar:/Users/anshusharma/.m2/repository/org/apache/poi/poi-ooxml/3.17/poi-ooxml-3.17.jar:/Users/anshusharma/.m2/repository/org/apache/poi/poi-ooxml-schemas/3.17/poi-ooxml-schemas-3.17.jar:/Users/anshusharma/.m2/repository/org/apache/xmlbeans/xmlbeans/2.6.0/xmlbeans-2.6.0.jar:/Users/anshusharma/.m2/repository/stax/stax-api/1.0.1/stax-api-1.0.1.jar:/Users/anshusharma/.m2/repository/com/github/virtuald/curvesapi/1.04/curvesapi-1.04.jar:/Users/anshusharma/.m2/repository/org/apache/commons/commons-lang3/3.0/commons-lang3-3.0.jar:/Users/anshusharma/.m2/repository/com/aventstack/extentreports/3.1.2/extentreports-3.1.2.jar:/Users/anshusharma/.m2/repository/org/freemarker/freemarker/2.3.23/freemarker-2.3.23.jar:/Users/anshusharma/.m2/repository/org/mongodb/mongodb-driver/3.3.0/mongodb-driver-3.3.0.jar:/Users/anshusharma/.m2/repository/org/mongodb/bson/3.3.0/bson-3.3.0.jar:/Users/anshusharma/.m2/repository/org/mongodb/mongodb-driver-core/3.3.0/mongodb-driver-core-3.3.0.jar:/Users/anshusharma/.m2/repository/org/apache/httpcomponents/httpclient/4.5.2/httpclient-4.5.2.jar:/Users/anshusharma/.m2/repository/org/apache/httpcomponents/httpcore/4.4.4/httpcore-4.4.4.jar:/Users/anshusharma/.m2/repository/commons-logging/commons-logging/1.2/commons-logging-1.2.jar:/Users/anshusharma/.m2/repository/org/apache/httpcomponents/httpmime/4.5.2/httpmime-4.5.2.jar:/Users/anshusharma/.m2/repository/org/jsoup/jsoup/1.9.2/jsoup-1.9.2.jar:/Users/anshusharma/.m2/repository/com/google/code/gson/gson/2.8.0/gson-2.8.0.jar:/Users/anshusharma/.m2/repository/commons-io/commons-io/2.11.0/commons-io-2.11.0.jar:/Users/anshusharma/.m2/repository/org/sikuli/sikuli-api/1.2.0/sikuli-api-1.2.0.jar:/Users/anshusharma/.m2/repository/org/sikuli/sikuli-core/1.2.2/sikuli-core-1.2.2.jar:/Users/anshusharma/.m2/repository/org/bytedeco/javacpp/0.9/javacpp-0.9.jar:/Users/anshusharma/.m2/repository/org/bytedeco/javacpp-presets/opencv/2.4.9-0.9/opencv-2.4.9-0.9.jar:/Users/anshusharma/.m2/repository/org/piccolo2d/piccolo2d-extras/1.3.1/piccolo2d-extras-1.3.1.jar:/Users/anshusharma/.m2/repository/org/piccolo2d/piccolo2d-core/1.3.1/piccolo2d-core-1.3.1.jar:/Users/anshusharma/.m2/repository/org/slf4j/slf4j-api/1.6.6/slf4j-api-1.6.6.jar:/Users/anshusharma/.m2/repository/log4j/log4j/1.2.17/log4j-1.2.17.jar:"/>
    <property name="java.vm.vendor" value="Oracle Corporation"/>
    <property name="sun.arch.data.model" value="64"/>
    <property name="java.vendor.url" value="https://java.oracle.com/"/>
    <property name="user.timezone" value="Asia/Kolkata"/>
    <property name="os.name" value="Mac OS X"/>
    <property name="java.vm.specification.version" value="17"/>
    <property name="sun.java.launcher" value="SUN_STANDARD"/>
    <property name="user.country" value="IN"/>
    <property name="sun.boot.library.path" value="/Library/Java/JavaVirtualMachines/jdk-17.0.1.jdk/Contents/Home/lib"/>
    <property name="sun.java.command" value="/Users/anshusharma/eclipse-workspace/AnaqaTest/target/surefire/surefirebooter2398064563654951822.jar /Users/anshusharma/eclipse-workspace/AnaqaTest/target/surefire 2022-01-29T15-18-02_233-jvmRun1 surefire17322101275481531363tmp surefire_07952872361069016764tmp"/>
    <property name="jdk.debug" value="release"/>
    <property name="surefire.test.class.path" value="/Users/anshusharma/eclipse-workspace/AnaqaTest/target/test-classes:/Users/anshusharma/eclipse-workspace/AnaqaTest/target/classes:/Users/anshusharma/.m2/repository/org/seleniumhq/selenium/selenium-java/3.141.59/selenium-java-3.141.59.jar:/Users/anshusharma/.m2/repository/org/seleniumhq/selenium/selenium-api/3.141.59/selenium-api-3.141.59.jar:/Users/anshusharma/.m2/repository/org/seleniumhq/selenium/selenium-chrome-driver/3.141.59/selenium-chrome-driver-3.141.59.jar:/Users/anshusharma/.m2/repository/org/seleniumhq/selenium/selenium-edge-driver/3.141.59/selenium-edge-driver-3.141.59.jar:/Users/anshusharma/.m2/repository/org/seleniumhq/selenium/selenium-firefox-driver/3.141.59/selenium-firefox-driver-3.141.59.jar:/Users/anshusharma/.m2/repository/org/seleniumhq/selenium/selenium-ie-driver/3.141.59/selenium-ie-driver-3.141.59.jar:/Users/anshusharma/.m2/repository/org/seleniumhq/selenium/selenium-opera-driver/3.141.59/selenium-opera-driver-3.141.59.jar:/Users/anshusharma/.m2/repository/org/seleniumhq/selenium/selenium-remote-driver/3.141.59/selenium-remote-driver-3.141.59.jar:/Users/anshusharma/.m2/repository/org/seleniumhq/selenium/selenium-safari-driver/3.141.59/selenium-safari-driver-3.141.59.jar:/Users/anshusharma/.m2/repository/org/seleniumhq/selenium/selenium-support/3.141.59/selenium-support-3.141.59.jar:/Users/anshusharma/.m2/repository/net/bytebuddy/byte-buddy/1.8.15/byte-buddy-1.8.15.jar:/Users/anshusharma/.m2/repository/org/apache/commons/commons-exec/1.3/commons-exec-1.3.jar:/Users/anshusharma/.m2/repository/com/google/guava/guava/25.0-jre/guava-25.0-jre.jar:/Users/anshusharma/.m2/repository/com/google/code/findbugs/jsr305/1.3.9/jsr305-1.3.9.jar:/Users/anshusharma/.m2/repository/org/checkerframework/checker-compat-qual/2.0.0/checker-compat-qual-2.0.0.jar:/Users/anshusharma/.m2/repository/com/google/errorprone/error_prone_annotations/2.1.3/error_prone_annotations-2.1.3.jar:/Users/anshusharma/.m2/repository/com/google/j2objc/j2objc-annotations/1.1/j2objc-annotations-1.1.jar:/Users/anshusharma/.m2/repository/org/codehaus/mojo/animal-sniffer-annotations/1.14/animal-sniffer-annotations-1.14.jar:/Users/anshusharma/.m2/repository/com/squareup/okhttp3/okhttp/3.11.0/okhttp-3.11.0.jar:/Users/anshusharma/.m2/repository/com/squareup/okio/okio/1.14.0/okio-1.14.0.jar:/Users/anshusharma/.m2/repository/org/testng/testng/7.4.0/testng-7.4.0.jar:/Users/anshusharma/.m2/repository/com/beust/jcommander/1.78/jcommander-1.78.jar:/Users/anshusharma/.m2/repository/org/webjars/jquery/3.5.1/jquery-3.5.1.jar:/Users/anshusharma/.m2/repository/org/apache/poi/poi/3.17/poi-3.17.jar:/Users/anshusharma/.m2/repository/commons-codec/commons-codec/1.10/commons-codec-1.10.jar:/Users/anshusharma/.m2/repository/org/apache/commons/commons-collections4/4.1/commons-collections4-4.1.jar:/Users/anshusharma/.m2/repository/org/apache/poi/poi-ooxml/3.17/poi-ooxml-3.17.jar:/Users/anshusharma/.m2/repository/org/apache/poi/poi-ooxml-schemas/3.17/poi-ooxml-schemas-3.17.jar:/Users/anshusharma/.m2/repository/org/apache/xmlbeans/xmlbeans/2.6.0/xmlbeans-2.6.0.jar:/Users/anshusharma/.m2/repository/stax/stax-api/1.0.1/stax-api-1.0.1.jar:/Users/anshusharma/.m2/repository/com/github/virtuald/curvesapi/1.04/curvesapi-1.04.jar:/Users/anshusharma/.m2/repository/org/apache/commons/commons-lang3/3.0/commons-lang3-3.0.jar:/Users/anshusharma/.m2/repository/com/aventstack/extentreports/3.1.2/extentreports-3.1.2.jar:/Users/anshusharma/.m2/repository/org/freemarker/freemarker/2.3.23/freemarker-2.3.23.jar:/Users/anshusharma/.m2/repository/org/mongodb/mongodb-driver/3.3.0/mongodb-driver-3.3.0.jar:/Users/anshusharma/.m2/repository/org/mongodb/bson/3.3.0/bson-3.3.0.jar:/Users/anshusharma/.m2/repository/org/mongodb/mongodb-driver-core/3.3.0/mongodb-driver-core-3.3.0.jar:/Users/anshusharma/.m2/repository/org/apache/httpcomponents/httpclient/4.5.2/httpclient-4.5.2.jar:/Users/anshusharma/.m2/repository/org/apache/httpcomponents/httpcore/4.4.4/httpcore-4.4.4.jar:/Users/anshusharma/.m2/repository/commons-logging/commons-logging/1.2/commons-logging-1.2.jar:/Users/anshusharma/.m2/repository/org/apache/httpcomponents/httpmime/4.5.2/httpmime-4.5.2.jar:/Users/anshusharma/.m2/repository/org/jsoup/jsoup/1.9.2/jsoup-1.9.2.jar:/Users/anshusharma/.m2/repository/com/google/code/gson/gson/2.8.0/gson-2.8.0.jar:/Users/anshusharma/.m2/repository/commons-io/commons-io/2.11.0/commons-io-2.11.0.jar:/Users/anshusharma/.m2/repository/org/sikuli/sikuli-api/1.2.0/sikuli-api-1.2.0.jar:/Users/anshusharma/.m2/repository/org/sikuli/sikuli-core/1.2.2/sikuli-core-1.2.2.jar:/Users/anshusharma/.m2/repository/org/bytedeco/javacpp/0.9/javacpp-0.9.jar:/Users/anshusharma/.m2/repository/org/bytedeco/javacpp-presets/opencv/2.4.9-0.9/opencv-2.4.9-0.9.jar:/Users/anshusharma/.m2/repository/org/piccolo2d/piccolo2d-extras/1.3.1/piccolo2d-extras-1.3.1.jar:/Users/anshusharma/.m2/repository/org/piccolo2d/piccolo2d-core/1.3.1/piccolo2d-core-1.3.1.jar:/Users/anshusharma/.m2/repository/org/slf4j/slf4j-api/1.6.6/slf4j-api-1.6.6.jar:/Users/anshusharma/.m2/repository/log4j/log4j/1.2.17/log4j-1.2.17.jar:"/>
    <property name="sun.cpu.endian" value="little"/>
    <property name="user.home" value="/Users/anshusharma"/>
    <property name="user.language" value="en"/>
    <property name="java.specification.vendor" value="Oracle Corporation"/>
    <property name="java.version.date" value="2021-10-19"/>
    <property name="java.home" value="/Library/Java/JavaVirtualMachines/jdk-17.0.1.jdk/Contents/Home"/>
    <property name="file.separator" value="/"/>
    <property name="basedir" value="/Users/anshusharma/eclipse-workspace/AnaqaTest"/>
    <property name="java.vm.compressedOopsMode" value="Zero based"/>
    <property name="line.separator" value="&#10;"/>
    <property name="java.vm.specification.vendor" value="Oracle Corporation"/>
    <property name="java.specification.name" value="Java Platform API Specification"/>
    <property name="surefire.real.class.path" value="/Users/anshusharma/eclipse-workspace/AnaqaTest/target/surefire/surefirebooter2398064563654951822.jar"/>
    <property name="sun.management.compiler" value="HotSpot 64-Bit Tiered Compilers"/>
    <property name="java.runtime.version" value="17.0.1+12-LTS-39"/>
    <property name="user.name" value="anshusharma"/>
    <property name="path.separator" value=":"/>
    <property name="os.version" value="11.4"/>
    <property name="java.runtime.name" value="Java(TM) SE Runtime Environment"/>
    <property name="file.encoding" value="UTF-8"/>
    <property name="java.vm.name" value="Java HotSpot(TM) 64-Bit Server VM"/>
    <property name="localRepository" value="/Users/anshusharma/.m2/repository"/>
    <property name="java.vendor.url.bug" value="https://bugreport.java.com/bugreport/"/>
    <property name="java.io.tmpdir" value="/var/folders/92/k5_gqhcd6c587_jhh05b3h280000gn/T/"/>
    <property name="java.version" value="17.0.1"/>
    <property name="user.dir" value="/Users/anshusharma/eclipse-workspace/AnaqaTest"/>
    <property name="os.arch" value="x86_64"/>
    <property name="java.vm.specification.name" value="Java Virtual Machine Specification"/>
    <property name="native.encoding" value="UTF-8"/>
    <property name="java.library.path" value="/Users/anshusharma/Library/Java/Extensions:/Library/Java/Extensions:/Network/Library/Java/Extensions:/System/Library/Java/Extensions:/usr/lib/java:."/>
    <property name="java.vm.info" value="mixed mode, sharing"/>
    <property name="java.vendor" value="Oracle Corporation"/>
    <property name="java.vm.version" value="17.0.1+12-LTS-39"/>
    <property name="sun.io.unicode.encoding" value="UnicodeBig"/>
    <property name="java.class.version" value="61.0"/>
  </properties>
  <testcase name="LoginTest" classname="com.anaqa.TestCases.TC1LoginTest" time="9.053">
    <system-out><![CDATA[ INFO [main] (TC1LoginTest.java:18)- URL opened
 INFO [main] (TC1LoginTest.java:23)- Username entered
 INFO [main] (TC1LoginTest.java:25)- Password Entered
 INFO [main] (TC1LoginTest.java:32)- Login test Passed
]]></system-out>
    <system-err><![CDATA[Starting ChromeDriver 96.0.4664.45 (76e4c1bb2ab4671b8beba3444e61c0f17584b2fc-refs/branch-heads/4664@{#947}) on port 44915
Only local connections are allowed.
Please see https://chromedriver.chromium.org/security-considerations for suggestions on keeping ChromeDriver safe.
ChromeDriver was started successfully.
[1643449689.055][WARNING]: This version of ChromeDriver has not been tested with Chrome version 97.
Jan 29, 2022 3:18:09 PM org.openqa.selenium.remote.ProtocolHandshake createSession
INFO: Detected dialect: W3C
]]></system-err>
  </testcase>
</testsuite>