<?xml version="1.0" encoding="UTF-8"?>
<!-- Generated by org.testng.reporters.JUnitReportReporter -->
<testsuite hostname="Anshus-MacBook-Air.local" failures="0" tests="1" name="com.anaqa.TestCases.TC1LoginTest" time="10.647" errors="0" timestamp="2022-01-23T20:55:51 IST" skipped="0">
  <testcase classname="com.anaqa.TestCases.TC1LoginTest" name="LoginTest" time="10.647"/>
  <system-out/>
</testsuite> <!-- com.anaqa.TestCases.TC1LoginTest -->
