<?xml version="1.0" encoding="UTF-8"?>
<!-- Generated by org.testng.reporters.JUnitReportReporter -->
<testsuite hostname="Anshus-MacBook-Air.local" failures="0" tests="1" name="com.anaqa.TestCases.TC1LoginTest" time="9.079" errors="0" timestamp="2022-01-29T15:18:20 IST" skipped="0">
  <testcase classname="com.anaqa.TestCases.TC1LoginTest" name="LoginTest" time="9.079"/>
  <system-out/>
</testsuite> <!-- com.anaqa.TestCases.TC1LoginTest -->
